{"uuid":"567de3b1-d2a8-4910-b739-e46578a757d8","historyId":"d8d6f030a6b5abedbf55507d6821e768","statusDetails":{},"stage":"pending","steps":[{"status":"failed","statusDetails":{"message":"AssertionError: Error Message is NOT showing: expected Promise{…} to be true","trace":"AssertionError: Error Message is NOT showing: expected Promise{…} to be true\n    at World.<anonymous> (C:\\Users\\Matthew\\Desktop\\SDET Final Project\\StepDefinitions\\loginSD.js:29:72)\n    at process.processTicksAndRejections (node:internal/process/task_queues:95:5)\n    at async wrapPromiseWithTimeout (C:\\Users\\Matthew\\Desktop\\SDET Final Project\\node_modules\\@cucumber\\cucumber\\lib\\time.js:57:12)\n    at async Object.run (C:\\Users\\Matthew\\Desktop\\SDET Final Project\\node_modules\\@cucumber\\cucumber\\lib\\user_code_runner.js:64:22)\n    at async Object.run (C:\\Users\\Matthew\\Desktop\\SDET Final Project\\node_modules\\@cucumber\\cucumber\\lib\\runtime\\step_runner.js:51:26)\n    at async TestCaseRunner.invokeStep (C:\\Users\\Matthew\\Desktop\\SDET Final Project\\node_modules\\@cucumber\\cucumber\\lib\\runtime\\test_case_runner.js:94:16)\n    at async TestCaseRunner.runStep (C:\\Users\\Matthew\\Desktop\\SDET Final Project\\node_modules\\@cucumber\\cucumber\\lib\\runtime\\test_case_runner.js:243:26)\n    at async C:\\Users\\Matthew\\Desktop\\SDET Final Project\\node_modules\\@cucumber\\cucumber\\lib\\runtime\\test_case_runner.js:174:44\n    at async TestCaseRunner.aroundTestStep (C:\\Users\\Matthew\\Desktop\\SDET Final Project\\node_modules\\@cucumber\\cucumber\\lib\\runtime\\test_case_runner.js:119:32)\n    at async TestCaseRunner.runAttempt (C:\\Users\\Matthew\\Desktop\\SDET Final Project\\node_modules\\@cucumber\\cucumber\\lib\\runtime\\test_case_runner.js:157:13)\n    at async TestCaseRunner.run (C:\\Users\\Matthew\\Desktop\\SDET Final Project\\node_modules\\@cucumber\\cucumber\\lib\\runtime\\test_case_runner.js:135:35)\n    at async Runtime.runTestCase (C:\\Users\\Matthew\\Desktop\\SDET Final Project\\node_modules\\@cucumber\\cucumber\\lib\\runtime\\index.js:40:24)\n    at async Runtime.start (C:\\Users\\Matthew\\Desktop\\SDET Final Project\\node_modules\\@cucumber\\cucumber\\lib\\runtime\\index.js:61:13)"},"stage":"finished","steps":[],"attachments":[{"name":"Request","type":"text/plain","source":"9a8a9180-6c0c-4e89-90b6-d8ae27111247-attachment.txt"}],"parameters":[],"start":1691457609890,"name":"And I verify error message is displayed","stop":1691457609893}],"attachments":[],"parameters":[{"name":"browser","value":"chrome-115.0.5790.170"}],"labels":[{"name":"language","value":"javascript"},{"name":"framework","value":"wdio"},{"name":"package","value":"C:.Users.Matthew.Desktop.SDET Final Project.features.login.feature"},{"name":"thread","value":"0-0"},{"name":"suite","value":"Login: Verify Verification message for invalid sign in credentials"},{"name":"feature","value":"Login: Verify Verification message for invalid sign in credentials"}],"links":[],"start":1691457609888,"name":"And I verify error message is displayed","stop":1691457609896}