{"uuid":"e12cf376-5660-41e3-807e-bc0fd565ecc4","historyId":"d8d6f030a6b5abedbf55507d6821e768","status":"failed","statusDetails":{"message":"AssertionError: Error Message is NOT showing: expected Promise{…} to be true","trace":"AssertionError: Error Message is NOT showing: expected Promise{…} to be true\n    at World.<anonymous> (C:\\Users\\Matthew\\Desktop\\SDET Final Project\\StepDefinitions\\loginSD.js:30:72)\n    at async wrapPromiseWithTimeout (C:\\Users\\Matthew\\Desktop\\SDET Final Project\\node_modules\\@cucumber\\cucumber\\lib\\time.js:57:12)\n    at async Object.run (C:\\Users\\Matthew\\Desktop\\SDET Final Project\\node_modules\\@cucumber\\cucumber\\lib\\user_code_runner.js:64:22)\n    at async Object.run (C:\\Users\\Matthew\\Desktop\\SDET Final Project\\node_modules\\@cucumber\\cucumber\\lib\\runtime\\step_runner.js:51:26)\n    at async TestCaseRunner.invokeStep (C:\\Users\\Matthew\\Desktop\\SDET Final Project\\node_modules\\@cucumber\\cucumber\\lib\\runtime\\test_case_runner.js:94:16)\n    at async TestCaseRunner.runStep (C:\\Users\\Matthew\\Desktop\\SDET Final Project\\node_modules\\@cucumber\\cucumber\\lib\\runtime\\test_case_runner.js:243:26)\n    at async C:\\Users\\Matthew\\Desktop\\SDET Final Project\\node_modules\\@cucumber\\cucumber\\lib\\runtime\\test_case_runner.js:174:44\n    at async TestCaseRunner.aroundTestStep (C:\\Users\\Matthew\\Desktop\\SDET Final Project\\node_modules\\@cucumber\\cucumber\\lib\\runtime\\test_case_runner.js:119:32)\n    at async TestCaseRunner.runAttempt (C:\\Users\\Matthew\\Desktop\\SDET Final Project\\node_modules\\@cucumber\\cucumber\\lib\\runtime\\test_case_runner.js:157:13)\n    at async TestCaseRunner.run (C:\\Users\\Matthew\\Desktop\\SDET Final Project\\node_modules\\@cucumber\\cucumber\\lib\\runtime\\test_case_runner.js:135:35)\n    at async Runtime.runTestCase (C:\\Users\\Matthew\\Desktop\\SDET Final Project\\node_modules\\@cucumber\\cucumber\\lib\\runtime\\index.js:40:24)\n    at async Runtime.start (C:\\Users\\Matthew\\Desktop\\SDET Final Project\\node_modules\\@cucumber\\cucumber\\lib\\runtime\\index.js:61:13)"},"stage":"finished","steps":[],"attachments":[],"parameters":[{"name":"browser","value":"chrome-115.0.5790.170"}],"labels":[{"name":"language","value":"javascript"},{"name":"framework","value":"wdio"},{"name":"package","value":"C:.Users.Matthew.Desktop.SDET Final Project.features.login.feature"},{"name":"thread","value":"0-0"},{"name":"suite","value":"Login: Verify Verification message for invalid sign in credentials"},{"name":"feature","value":"Login: Verify Verification message for invalid sign in credentials"}],"links":[],"start":1691458548258,"name":"And I verify error message is displayed","stop":1691458548262}